{"/home/fwille/marlin/src/api/inaturalist.ts": {"path":"/home/fwille/marlin/src/api/inaturalist.ts","statementMap":{"0":{"start":{"line":3,"column":13},"end":{"line":3,"column":45}},"1":{"start":{"line":7,"column":19},"end":{"line":7,"column":59}},"2":{"start":{"line":8,"column":30},"end":{"line":8,"column":42}},"3":{"start":{"line":10,"column":50},"end":{"line":15,"column":1}},"4":{"start":{"line":21,"column":25},"end":{"line":31,"column":1}},"5":{"start":{"line":34,"column":14},"end":{"line":34,"column":57}},"6":{"start":{"line":35,"column":2},"end":{"line":35,"column":81}},"7":{"start":{"line":35,"column":15},"end":{"line":35,"column":81}},"8":{"start":{"line":36,"column":2},"end":{"line":36,"column":20}},"9":{"start":{"line":49,"column":17},"end":{"line":63,"column":3}},"10":{"start":{"line":51,"column":21},"end":{"line":58,"column":8}},"11":{"start":{"line":59,"column":6},"end":{"line":61,"column":44}},"12":{"start":{"line":60,"column":19},"end":{"line":60,"column":28}},"13":{"start":{"line":61,"column":21},"end":{"line":61,"column":42}},"14":{"start":{"line":65,"column":15},"end":{"line":65,"column":47}},"15":{"start":{"line":66,"column":2},"end":{"line":73,"column":3}},"16":{"start":{"line":67,"column":4},"end":{"line":72,"column":5}},"17":{"start":{"line":68,"column":23},"end":{"line":68,"column":46}},"18":{"start":{"line":69,"column":6},"end":{"line":71,"column":7}},"19":{"start":{"line":70,"column":8},"end":{"line":70,"column":38}},"20":{"start":{"line":75,"column":2},"end":{"line":75,"column":62}},"21":{"start":{"line":75,"column":43},"end":{"line":75,"column":60}},"22":{"start":{"line":83,"column":17},"end":{"line":96,"column":3}},"23":{"start":{"line":85,"column":21},"end":{"line":91,"column":8}},"24":{"start":{"line":92,"column":6},"end":{"line":94,"column":40}},"25":{"start":{"line":93,"column":19},"end":{"line":93,"column":28}},"26":{"start":{"line":94,"column":21},"end":{"line":94,"column":38}},"27":{"start":{"line":98,"column":15},"end":{"line":98,"column":43}},"28":{"start":{"line":99,"column":2},"end":{"line":103,"column":3}},"29":{"start":{"line":100,"column":4},"end":{"line":102,"column":5}},"30":{"start":{"line":101,"column":6},"end":{"line":101,"column":54}},"31":{"start":{"line":101,"column":30},"end":{"line":101,"column":54}},"32":{"start":{"line":105,"column":2},"end":{"line":107,"column":18}},"33":{"start":{"line":106,"column":20},"end":{"line":106,"column":77}},"34":{"start":{"line":115,"column":17},"end":{"line":120,"column":4}},"35":{"start":{"line":121,"column":2},"end":{"line":121,"column":51}},"36":{"start":{"line":121,"column":21},"end":{"line":121,"column":51}},"37":{"start":{"line":122,"column":15},"end":{"line":122,"column":72}},"38":{"start":{"line":123,"column":2},"end":{"line":123,"column":22}},"39":{"start":{"line":130,"column":17},"end":{"line":130,"column":60}},"40":{"start":{"line":131,"column":15},"end":{"line":131,"column":78}},"41":{"start":{"line":132,"column":2},"end":{"line":132,"column":69}},"42":{"start":{"line":132,"column":28},"end":{"line":132,"column":69}},"43":{"start":{"line":133,"column":2},"end":{"line":133,"column":25}},"44":{"start":{"line":142,"column":19},"end":{"line":142,"column":50}},"45":{"start":{"line":143,"column":2},"end":{"line":143,"column":61}},"46":{"start":{"line":143,"column":17},"end":{"line":143,"column":61}},"47":{"start":{"line":145,"column":16},"end":{"line":145,"column":52}},"48":{"start":{"line":146,"column":2},"end":{"line":146,"column":55}},"49":{"start":{"line":146,"column":14},"end":{"line":146,"column":55}},"50":{"start":{"line":147,"column":17},"end":{"line":155,"column":4}},"51":{"start":{"line":156,"column":14},"end":{"line":156,"column":73}},"52":{"start":{"line":157,"column":2},"end":{"line":157,"column":63}},"53":{"start":{"line":157,"column":15},"end":{"line":157,"column":63}},"54":{"start":{"line":158,"column":15},"end":{"line":158,"column":31}},"55":{"start":{"line":159,"column":16},"end":{"line":159,"column":86}},"56":{"start":{"line":160,"column":2},"end":{"line":160,"column":54}},"57":{"start":{"line":160,"column":14},"end":{"line":160,"column":54}},"58":{"start":{"line":161,"column":18},"end":{"line":161,"column":58}},"59":{"start":{"line":162,"column":2},"end":{"line":162,"column":59}},"60":{"start":{"line":162,"column":16},"end":{"line":162,"column":59}},"61":{"start":{"line":163,"column":2},"end":{"line":163,"column":17}},"62":{"start":{"line":176,"column":17},"end":{"line":180,"column":4}},"63":{"start":{"line":181,"column":2},"end":{"line":185,"column":3}},"64":{"start":{"line":182,"column":4},"end":{"line":182,"column":38}},"65":{"start":{"line":183,"column":4},"end":{"line":183,"column":38}},"66":{"start":{"line":184,"column":4},"end":{"line":184,"column":46}},"67":{"start":{"line":186,"column":15},"end":{"line":189,"column":3}},"68":{"start":{"line":190,"column":2},"end":{"line":190,"column":42}},"69":{"start":{"line":202,"column":17},"end":{"line":207,"column":4}},"70":{"start":{"line":208,"column":2},"end":{"line":212,"column":3}},"71":{"start":{"line":209,"column":4},"end":{"line":209,"column":38}},"72":{"start":{"line":210,"column":4},"end":{"line":210,"column":38}},"73":{"start":{"line":211,"column":4},"end":{"line":211,"column":46}},"74":{"start":{"line":214,"column":15},"end":{"line":214,"column":86}},"75":{"start":{"line":215,"column":2},"end":{"line":215,"column":22}},"76":{"start":{"line":224,"column":2},"end":{"line":224,"column":31}},"77":{"start":{"line":224,"column":19},"end":{"line":224,"column":31}},"78":{"start":{"line":225,"column":16},"end":{"line":225,"column":50}},"79":{"start":{"line":226,"column":2},"end":{"line":226,"column":36}},"80":{"start":{"line":226,"column":24},"end":{"line":226,"column":36}},"81":{"start":{"line":227,"column":27},"end":{"line":227,"column":32}},"82":{"start":{"line":228,"column":17},"end":{"line":228,"column":82}},"83":{"start":{"line":229,"column":14},"end":{"line":232,"column":3}},"84":{"start":{"line":233,"column":2},"end":{"line":233,"column":27}},"85":{"start":{"line":233,"column":15},"end":{"line":233,"column":27}},"86":{"start":{"line":234,"column":15},"end":{"line":234,"column":31}},"87":{"start":{"line":235,"column":17},"end":{"line":235,"column":66}},"88":{"start":{"line":235,"column":57},"end":{"line":235,"column":65}},"89":{"start":{"line":236,"column":2},"end":{"line":236,"column":51}},"90":{"start":{"line":236,"column":39},"end":{"line":236,"column":51}},"91":{"start":{"line":238,"column":14},"end":{"line":238,"column":69}},"92":{"start":{"line":239,"column":15},"end":{"line":239,"column":76}},"93":{"start":{"line":240,"column":2},"end":{"line":247,"column":4}}},"fnMap":{"0":{"name":"apiFetch","decl":{"start":{"line":33,"column":15},"end":{"line":33,"column":23}},"loc":{"start":{"line":33,"column":82},"end":{"line":37,"column":1}},"line":33},"1":{"name":"getNearbySpecies","decl":{"start":{"line":44,"column":22},"end":{"line":44,"column":38}},"loc":{"start":{"line":48,"column":28},"end":{"line":76,"column":1}},"line":48},"2":{"name":"(anonymous_2)","decl":{"start":{"line":50,"column":25},"end":{"line":50,"column":26}},"loc":{"start":{"line":50,"column":36},"end":{"line":62,"column":5}},"line":50},"3":{"name":"(anonymous_3)","decl":{"start":{"line":60,"column":14},"end":{"line":60,"column":15}},"loc":{"start":{"line":60,"column":19},"end":{"line":60,"column":28}},"line":60},"4":{"name":"(anonymous_4)","decl":{"start":{"line":61,"column":15},"end":{"line":61,"column":16}},"loc":{"start":{"line":61,"column":21},"end":{"line":61,"column":42}},"line":61},"5":{"name":"(anonymous_5)","decl":{"start":{"line":75,"column":33},"end":{"line":75,"column":34}},"loc":{"start":{"line":75,"column":43},"end":{"line":75,"column":60}},"line":75},"6":{"name":"searchTaxa","decl":{"start":{"line":82,"column":22},"end":{"line":82,"column":32}},"loc":{"start":{"line":82,"column":70},"end":{"line":108,"column":1}},"line":82},"7":{"name":"(anonymous_7)","decl":{"start":{"line":84,"column":25},"end":{"line":84,"column":26}},"loc":{"start":{"line":84,"column":36},"end":{"line":95,"column":5}},"line":84},"8":{"name":"(anonymous_8)","decl":{"start":{"line":93,"column":14},"end":{"line":93,"column":15}},"loc":{"start":{"line":93,"column":19},"end":{"line":93,"column":28}},"line":93},"9":{"name":"(anonymous_9)","decl":{"start":{"line":94,"column":15},"end":{"line":94,"column":16}},"loc":{"start":{"line":94,"column":21},"end":{"line":94,"column":38}},"line":94},"10":{"name":"(anonymous_10)","decl":{"start":{"line":106,"column":10},"end":{"line":106,"column":11}},"loc":{"start":{"line":106,"column":20},"end":{"line":106,"column":77}},"line":106},"11":{"name":"searchTaxaInAncestor","decl":{"start":{"line":114,"column":22},"end":{"line":114,"column":42}},"loc":{"start":{"line":114,"column":101},"end":{"line":124,"column":1}},"line":114},"12":{"name":"getTaxon","decl":{"start":{"line":129,"column":22},"end":{"line":129,"column":30}},"loc":{"start":{"line":129,"column":63},"end":{"line":134,"column":1}},"line":129},"13":{"name":"getWikipediaSummary","decl":{"start":{"line":141,"column":22},"end":{"line":141,"column":41}},"loc":{"start":{"line":141,"column":81},"end":{"line":164,"column":1}},"line":141},"14":{"name":"getMonthlyHistogram","decl":{"start":{"line":170,"column":22},"end":{"line":170,"column":41}},"loc":{"start":{"line":175,"column":29},"end":{"line":191,"column":1}},"line":175},"15":{"name":"getRecentObservations","decl":{"start":{"line":196,"column":22},"end":{"line":196,"column":43}},"loc":{"start":{"line":201,"column":30},"end":{"line":216,"column":1}},"line":201},"16":{"name":"getIucnStatus","decl":{"start":{"line":223,"column":22},"end":{"line":223,"column":35}},"loc":{"start":{"line":223,"column":100},"end":{"line":248,"column":1}},"line":223},"17":{"name":"(anonymous_17)","decl":{"start":{"line":235,"column":52},"end":{"line":235,"column":53}},"loc":{"start":{"line":235,"column":57},"end":{"line":235,"column":65}},"line":235}},"branchMap":{"0":{"loc":{"start":{"line":7,"column":19},"end":{"line":7,"column":59}},"type":"binary-expr","locations":[{"start":{"line":7,"column":19},"end":{"line":7,"column":53}},{"start":{"line":7,"column":57},"end":{"line":7,"column":59}}],"line":7},"1":{"loc":{"start":{"line":35,"column":2},"end":{"line":35,"column":81}},"type":"if","locations":[{"start":{"line":35,"column":2},"end":{"line":35,"column":81}},{"start":{},"end":{}}],"line":35},"2":{"loc":{"start":{"line":47,"column":2},"end":{"line":47,"column":15}},"type":"default-arg","locations":[{"start":{"line":47,"column":13},"end":{"line":47,"column":15}}],"line":47},"3":{"loc":{"start":{"line":69,"column":6},"end":{"line":71,"column":7}},"type":"if","locations":[{"start":{"line":69,"column":6},"end":{"line":71,"column":7}},{"start":{},"end":{}}],"line":69},"4":{"loc":{"start":{"line":69,"column":10},"end":{"line":69,"column":50}},"type":"binary-expr","locations":[{"start":{"line":69,"column":10},"end":{"line":69,"column":19}},{"start":{"line":69,"column":23},"end":{"line":69,"column":50}}],"line":69},"5":{"loc":{"start":{"line":101,"column":6},"end":{"line":101,"column":54}},"type":"if","locations":[{"start":{"line":101,"column":6},"end":{"line":101,"column":54}},{"start":{},"end":{}}],"line":101},"6":{"loc":{"start":{"line":106,"column":21},"end":{"line":106,"column":46}},"type":"binary-expr","locations":[{"start":{"line":106,"column":21},"end":{"line":106,"column":41}},{"start":{"line":106,"column":45},"end":{"line":106,"column":46}}],"line":106},"7":{"loc":{"start":{"line":106,"column":51},"end":{"line":106,"column":76}},"type":"binary-expr","locations":[{"start":{"line":106,"column":51},"end":{"line":106,"column":71}},{"start":{"line":106,"column":75},"end":{"line":106,"column":76}}],"line":106},"8":{"loc":{"start":{"line":121,"column":2},"end":{"line":121,"column":51}},"type":"if","locations":[{"start":{"line":121,"column":2},"end":{"line":121,"column":51}},{"start":{},"end":{}}],"line":121},"9":{"loc":{"start":{"line":132,"column":2},"end":{"line":132,"column":69}},"type":"if","locations":[{"start":{"line":132,"column":2},"end":{"line":132,"column":69}},{"start":{},"end":{}}],"line":132},"10":{"loc":{"start":{"line":143,"column":2},"end":{"line":143,"column":61}},"type":"if","locations":[{"start":{"line":143,"column":2},"end":{"line":143,"column":61}},{"start":{},"end":{}}],"line":143},"11":{"loc":{"start":{"line":146,"column":2},"end":{"line":146,"column":55}},"type":"if","locations":[{"start":{"line":146,"column":2},"end":{"line":146,"column":55}},{"start":{},"end":{}}],"line":146},"12":{"loc":{"start":{"line":157,"column":2},"end":{"line":157,"column":63}},"type":"if","locations":[{"start":{"line":157,"column":2},"end":{"line":157,"column":63}},{"start":{},"end":{}}],"line":157},"13":{"loc":{"start":{"line":160,"column":2},"end":{"line":160,"column":54}},"type":"if","locations":[{"start":{"line":160,"column":2},"end":{"line":160,"column":54}},{"start":{},"end":{}}],"line":160},"14":{"loc":{"start":{"line":162,"column":2},"end":{"line":162,"column":59}},"type":"if","locations":[{"start":{"line":162,"column":2},"end":{"line":162,"column":59}},{"start":{},"end":{}}],"line":162},"15":{"loc":{"start":{"line":174,"column":2},"end":{"line":174,"column":16}},"type":"default-arg","locations":[{"start":{"line":174,"column":13},"end":{"line":174,"column":16}}],"line":174},"16":{"loc":{"start":{"line":181,"column":2},"end":{"line":185,"column":3}},"type":"if","locations":[{"start":{"line":181,"column":2},"end":{"line":185,"column":3}},{"start":{},"end":{}}],"line":181},"17":{"loc":{"start":{"line":181,"column":6},"end":{"line":181,"column":44}},"type":"binary-expr","locations":[{"start":{"line":181,"column":6},"end":{"line":181,"column":23}},{"start":{"line":181,"column":27},"end":{"line":181,"column":44}}],"line":181},"18":{"loc":{"start":{"line":190,"column":9},"end":{"line":190,"column":41}},"type":"binary-expr","locations":[{"start":{"line":190,"column":9},"end":{"line":190,"column":35}},{"start":{"line":190,"column":39},"end":{"line":190,"column":41}}],"line":190},"19":{"loc":{"start":{"line":200,"column":2},"end":{"line":200,"column":16}},"type":"default-arg","locations":[{"start":{"line":200,"column":13},"end":{"line":200,"column":16}}],"line":200},"20":{"loc":{"start":{"line":208,"column":2},"end":{"line":212,"column":3}},"type":"if","locations":[{"start":{"line":208,"column":2},"end":{"line":212,"column":3}},{"start":{},"end":{}}],"line":208},"21":{"loc":{"start":{"line":208,"column":6},"end":{"line":208,"column":44}},"type":"binary-expr","locations":[{"start":{"line":208,"column":6},"end":{"line":208,"column":23}},{"start":{"line":208,"column":27},"end":{"line":208,"column":44}}],"line":208},"22":{"loc":{"start":{"line":224,"column":2},"end":{"line":224,"column":31}},"type":"if","locations":[{"start":{"line":224,"column":2},"end":{"line":224,"column":31}},{"start":{},"end":{}}],"line":224},"23":{"loc":{"start":{"line":226,"column":2},"end":{"line":226,"column":36}},"type":"if","locations":[{"start":{"line":226,"column":2},"end":{"line":226,"column":36}},{"start":{},"end":{}}],"line":226},"24":{"loc":{"start":{"line":233,"column":2},"end":{"line":233,"column":27}},"type":"if","locations":[{"start":{"line":233,"column":2},"end":{"line":233,"column":27}},{"start":{},"end":{}}],"line":233},"25":{"loc":{"start":{"line":236,"column":2},"end":{"line":236,"column":51}},"type":"if","locations":[{"start":{"line":236,"column":2},"end":{"line":236,"column":51}},{"start":{},"end":{}}],"line":236},"26":{"loc":{"start":{"line":239,"column":15},"end":{"line":239,"column":76}},"type":"cond-expr","locations":[{"start":{"line":239,"column":40},"end":{"line":239,"column":69}},{"start":{"line":239,"column":73},"end":{"line":239,"column":76}}],"line":239},"27":{"loc":{"start":{"line":239,"column":40},"end":{"line":239,"column":69}},"type":"cond-expr","locations":[{"start":{"line":239,"column":58},"end":{"line":239,"column":62}},{"start":{"line":239,"column":65},"end":{"line":239,"column":69}}],"line":239},"28":{"loc":{"start":{"line":244,"column":9},"end":{"line":246,"column":18}},"type":"binary-expr","locations":[{"start":{"line":244,"column":9},"end":{"line":244,"column":19}},{"start":{"line":244,"column":24},"end":{"line":246,"column":17}}],"line":244},"29":{"loc":{"start":{"line":244,"column":24},"end":{"line":246,"column":17}},"type":"cond-expr","locations":[{"start":{"line":245,"column":8},"end":{"line":245,"column":72}},{"start":{"line":246,"column":8},"end":{"line":246,"column":17}}],"line":244}},"s":{"0":2,"1":2,"2":2,"3":2,"4":2,"5":54,"6":53,"7":0,"8":53,"9":3,"10":27,"11":27,"12":26,"13":1,"14":3,"15":3,"16":27,"17":13,"18":13,"19":6,"20":3,"21":4,"22":3,"23":27,"24":27,"25":27,"26":0,"27":3,"28":3,"29":27,"30":45,"31":44,"32":3,"33":43,"34":0,"35":0,"36":0,"37":0,"38":0,"39":0,"40":0,"41":0,"42":0,"43":0,"44":4,"45":4,"46":1,"47":3,"48":3,"49":0,"50":3,"51":3,"52":3,"53":0,"54":3,"55":3,"56":3,"57":0,"58":3,"59":3,"60":1,"61":2,"62":0,"63":0,"64":0,"65":0,"66":0,"67":0,"68":0,"69":0,"70":0,"71":0,"72":0,"73":0,"74":0,"75":0,"76":6,"77":2,"78":4,"79":4,"80":0,"81":4,"82":4,"83":4,"84":4,"85":0,"86":4,"87":4,"88":4,"89":4,"90":0,"91":4,"92":4,"93":4},"f":{"0":54,"1":3,"2":27,"3":26,"4":1,"5":4,"6":3,"7":27,"8":27,"9":0,"10":43,"11":0,"12":0,"13":4,"14":0,"15":0,"16":6,"17":4},"b":{"0":[2,1],"1":[0,53],"2":[3],"3":[6,7],"4":[13,8],"5":[44,1],"6":[43,0],"7":[43,0],"8":[0,0],"9":[0,0],"10":[1,3],"11":[0,3],"12":[0,3],"13":[0,3],"14":[1,2],"15":[0],"16":[0,0],"17":[0,0],"18":[0,0],"19":[0],"20":[0,0],"21":[0,0],"22":[2,4],"23":[0,4],"24":[0,4],"25":[0,4],"26":[3,1],"27":[1,2],"28":[4,4],"29":[0,4]},"_coverageSchema":"1a1c01bbd47fc00a2c39e90264f33305004495a9","hash":"c1593a94290588827bef5c0f8b9b58ed06da8c7f"}
,"/home/fwille/marlin/src/store/lifelist.ts": {"path":"/home/fwille/marlin/src/store/lifelist.ts","statementMap":{"0":{"start":{"line":23,"column":27},"end":{"line":57,"column":3}},"1":{"start":{"line":23,"column":64},"end":{"line":57,"column":1}},"2":{"start":{"line":27,"column":4},"end":{"line":27,"column":44}},"3":{"start":{"line":31,"column":18},"end":{"line":31,"column":41}},"4":{"start":{"line":32,"column":4},"end":{"line":32,"column":63}},"5":{"start":{"line":32,"column":18},"end":{"line":32,"column":60}},"6":{"start":{"line":36,"column":4},"end":{"line":36,"column":34}},"7":{"start":{"line":37,"column":4},"end":{"line":48,"column":8}},"8":{"start":{"line":37,"column":18},"end":{"line":48,"column":5}},"9":{"start":{"line":39,"column":8},"end":{"line":39,"column":34}},"10":{"start":{"line":39,"column":25},"end":{"line":39,"column":34}},"11":{"start":{"line":40,"column":21},"end":{"line":40,"column":29}},"12":{"start":{"line":41,"column":8},"end":{"line":41,"column":75}},"13":{"start":{"line":41,"column":39},"end":{"line":41,"column":75}},"14":{"start":{"line":42,"column":8},"end":{"line":42,"column":75}},"15":{"start":{"line":42,"column":39},"end":{"line":42,"column":75}},"16":{"start":{"line":43,"column":8},"end":{"line":43,"column":93}},"17":{"start":{"line":43,"column":39},"end":{"line":43,"column":93}},"18":{"start":{"line":44,"column":8},"end":{"line":44,"column":79}},"19":{"start":{"line":44,"column":39},"end":{"line":44,"column":79}},"20":{"start":{"line":45,"column":8},"end":{"line":45,"column":74}},"21":{"start":{"line":45,"column":39},"end":{"line":45,"column":74}},"22":{"start":{"line":46,"column":8},"end":{"line":46,"column":20}},"23":{"start":{"line":52,"column":4},"end":{"line":52,"column":25}},"24":{"start":{"line":53,"column":4},"end":{"line":53,"column":76}},"25":{"start":{"line":53,"column":18},"end":{"line":53,"column":73}},"26":{"start":{"line":53,"column":59},"end":{"line":53,"column":70}},"27":{"start":{"line":56,"column":26},"end":{"line":56,"column":78}},"28":{"start":{"line":56,"column":52},"end":{"line":56,"column":77}}},"fnMap":{"0":{"name":"(anonymous_0)","decl":{"start":{"line":23,"column":49},"end":{"line":23,"column":50}},"loc":{"start":{"line":23,"column":64},"end":{"line":57,"column":1}},"line":23},"1":{"name":"(anonymous_1)","decl":{"start":{"line":26,"column":8},"end":{"line":26,"column":9}},"loc":{"start":{"line":26,"column":14},"end":{"line":28,"column":3}},"line":26},"2":{"name":"(anonymous_2)","decl":{"start":{"line":30,"column":7},"end":{"line":30,"column":8}},"loc":{"start":{"line":30,"column":21},"end":{"line":33,"column":3}},"line":30},"3":{"name":"(anonymous_3)","decl":{"start":{"line":32,"column":8},"end":{"line":32,"column":9}},"loc":{"start":{"line":32,"column":18},"end":{"line":32,"column":60}},"line":32},"4":{"name":"(anonymous_4)","decl":{"start":{"line":35,"column":10},"end":{"line":35,"column":11}},"loc":{"start":{"line":35,"column":27},"end":{"line":49,"column":3}},"line":35},"5":{"name":"(anonymous_5)","decl":{"start":{"line":37,"column":8},"end":{"line":37,"column":9}},"loc":{"start":{"line":37,"column":18},"end":{"line":48,"column":5}},"line":37},"6":{"name":"(anonymous_6)","decl":{"start":{"line":38,"column":37},"end":{"line":38,"column":38}},"loc":{"start":{"line":38,"column":42},"end":{"line":47,"column":7}},"line":38},"7":{"name":"(anonymous_7)","decl":{"start":{"line":51,"column":10},"end":{"line":51,"column":11}},"loc":{"start":{"line":51,"column":18},"end":{"line":54,"column":3}},"line":51},"8":{"name":"(anonymous_8)","decl":{"start":{"line":53,"column":8},"end":{"line":53,"column":9}},"loc":{"start":{"line":53,"column":18},"end":{"line":53,"column":73}},"line":53},"9":{"name":"(anonymous_9)","decl":{"start":{"line":53,"column":54},"end":{"line":53,"column":55}},"loc":{"start":{"line":53,"column":59},"end":{"line":53,"column":70}},"line":53},"10":{"name":"(anonymous_10)","decl":{"start":{"line":56,"column":11},"end":{"line":56,"column":12}},"loc":{"start":{"line":56,"column":26},"end":{"line":56,"column":78}},"line":56},"11":{"name":"(anonymous_11)","decl":{"start":{"line":56,"column":47},"end":{"line":56,"column":48}},"loc":{"start":{"line":56,"column":52},"end":{"line":56,"column":77}},"line":56}},"branchMap":{"0":{"loc":{"start":{"line":39,"column":8},"end":{"line":39,"column":34}},"type":"if","locations":[{"start":{"line":39,"column":8},"end":{"line":39,"column":34}},{"start":{},"end":{}}],"line":39},"1":{"loc":{"start":{"line":41,"column":8},"end":{"line":41,"column":75}},"type":"if","locations":[{"start":{"line":41,"column":8},"end":{"line":41,"column":75}},{"start":{},"end":{}}],"line":41},"2":{"loc":{"start":{"line":41,"column":50},"end":{"line":41,"column":74}},"type":"binary-expr","locations":[{"start":{"line":41,"column":50},"end":{"line":41,"column":61}},{"start":{"line":41,"column":65},"end":{"line":41,"column":74}}],"line":41},"3":{"loc":{"start":{"line":42,"column":8},"end":{"line":42,"column":75}},"type":"if","locations":[{"start":{"line":42,"column":8},"end":{"line":42,"column":75}},{"start":{},"end":{}}],"line":42},"4":{"loc":{"start":{"line":42,"column":50},"end":{"line":42,"column":74}},"type":"binary-expr","locations":[{"start":{"line":42,"column":50},"end":{"line":42,"column":61}},{"start":{"line":42,"column":65},"end":{"line":42,"column":74}}],"line":42},"5":{"loc":{"start":{"line":43,"column":8},"end":{"line":43,"column":93}},"type":"if","locations":[{"start":{"line":43,"column":8},"end":{"line":43,"column":93}},{"start":{},"end":{}}],"line":43},"6":{"loc":{"start":{"line":43,"column":59},"end":{"line":43,"column":92}},"type":"binary-expr","locations":[{"start":{"line":43,"column":59},"end":{"line":43,"column":79}},{"start":{"line":43,"column":83},"end":{"line":43,"column":92}}],"line":43},"7":{"loc":{"start":{"line":44,"column":8},"end":{"line":44,"column":79}},"type":"if","locations":[{"start":{"line":44,"column":8},"end":{"line":44,"column":79}},{"start":{},"end":{}}],"line":44},"8":{"loc":{"start":{"line":44,"column":52},"end":{"line":44,"column":78}},"type":"binary-expr","locations":[{"start":{"line":44,"column":52},"end":{"line":44,"column":65}},{"start":{"line":44,"column":69},"end":{"line":44,"column":78}}],"line":44},"9":{"loc":{"start":{"line":45,"column":8},"end":{"line":45,"column":74}},"type":"if","locations":[{"start":{"line":45,"column":8},"end":{"line":45,"column":74}},{"start":{},"end":{}}],"line":45}},"s":{"0":1,"1":1,"2":0,"3":3,"4":3,"5":3,"6":4,"7":4,"8":4,"9":7,"10":3,"11":4,"12":4,"13":1,"14":4,"15":1,"16":4,"17":1,"18":4,"19":3,"20":4,"21":1,"22":4,"23":2,"24":2,"25":2,"26":3,"27":3,"28":2},"f":{"0":1,"1":0,"2":3,"3":3,"4":4,"5":4,"6":7,"7":2,"8":2,"9":3,"10":3,"11":2},"b":{"0":[3,4],"1":[1,3],"2":[1,1],"3":[1,3],"4":[1,1],"5":[1,3],"6":[1,1],"7":[3,1],"8":[3,1],"9":[1,3]},"_coverageSchema":"1a1c01bbd47fc00a2c39e90264f33305004495a9","hash":"2a5936d3466b5713dfbe8616be894fe45fdfeffc"}
,"/home/fwille/marlin/src/store/manualLocation.ts": {"path":"/home/fwille/marlin/src/store/manualLocation.ts","statementMap":{"0":{"start":{"line":10,"column":20},"end":{"line":10,"column":37}},"1":{"start":{"line":11,"column":19},"end":{"line":11,"column":36}},"2":{"start":{"line":22,"column":33},"end":{"line":44,"column":3}},"3":{"start":{"line":22,"column":71},"end":{"line":44,"column":1}},"4":{"start":{"line":27,"column":16},"end":{"line":27,"column":41}},"5":{"start":{"line":28,"column":19},"end":{"line":28,"column":54}},"6":{"start":{"line":29,"column":4},"end":{"line":31,"column":5}},"7":{"start":{"line":30,"column":6},"end":{"line":30,"column":66}},"8":{"start":{"line":30,"column":12},"end":{"line":30,"column":55}},"9":{"start":{"line":35,"column":4},"end":{"line":35,"column":62}},"10":{"start":{"line":36,"column":4},"end":{"line":36,"column":53}},"11":{"start":{"line":37,"column":4},"end":{"line":37,"column":42}},"12":{"start":{"line":41,"column":4},"end":{"line":41,"column":38}},"13":{"start":{"line":42,"column":4},"end":{"line":42,"column":27}}},"fnMap":{"0":{"name":"(anonymous_0)","decl":{"start":{"line":22,"column":61},"end":{"line":22,"column":62}},"loc":{"start":{"line":22,"column":71},"end":{"line":44,"column":1}},"line":22},"1":{"name":"(anonymous_1)","decl":{"start":{"line":26,"column":8},"end":{"line":26,"column":9}},"loc":{"start":{"line":26,"column":14},"end":{"line":32,"column":3}},"line":26},"2":{"name":"(anonymous_2)","decl":{"start":{"line":34,"column":7},"end":{"line":34,"column":8}},"loc":{"start":{"line":34,"column":16},"end":{"line":38,"column":3}},"line":34},"3":{"name":"(anonymous_3)","decl":{"start":{"line":40,"column":15},"end":{"line":40,"column":16}},"loc":{"start":{"line":40,"column":21},"end":{"line":43,"column":3}},"line":40}},"branchMap":{"0":{"loc":{"start":{"line":29,"column":4},"end":{"line":31,"column":5}},"type":"if","locations":[{"start":{"line":29,"column":4},"end":{"line":31,"column":5}},{"start":{},"end":{}}],"line":29},"1":{"loc":{"start":{"line":35,"column":30},"end":{"line":35,"column":60}},"type":"cond-expr","locations":[{"start":{"line":35,"column":36},"end":{"line":35,"column":55}},{"start":{"line":35,"column":58},"end":{"line":35,"column":60}}],"line":35},"2":{"loc":{"start":{"line":36,"column":29},"end":{"line":36,"column":51}},"type":"cond-expr","locations":[{"start":{"line":36,"column":35},"end":{"line":36,"column":41}},{"start":{"line":36,"column":44},"end":{"line":36,"column":51}}],"line":36}},"s":{"0":0,"1":0,"2":0,"3":0,"4":0,"5":0,"6":0,"7":0,"8":0,"9":0,"10":0,"11":0,"12":0,"13":0},"f":{"0":0,"1":0,"2":0,"3":0},"b":{"0":[0,0],"1":[0,0],"2":[0,0]}}
,"/home/fwille/marlin/src/store/theme.ts": {"path":"/home/fwille/marlin/src/store/theme.ts","statementMap":{"0":{"start":{"line":12,"column":29},"end":{"line":26,"column":3}},"1":{"start":{"line":12,"column":58},"end":{"line":26,"column":1}},"2":{"start":{"line":16,"column":19},"end":{"line":16,"column":40}},"3":{"start":{"line":18,"column":6},"end":{"line":18,"column":65}},"4":{"start":{"line":19,"column":4},"end":{"line":19,"column":30}},"5":{"start":{"line":23,"column":4},"end":{"line":23,"column":32}},"6":{"start":{"line":24,"column":4},"end":{"line":24,"column":30}}},"fnMap":{"0":{"name":"(anonymous_0)","decl":{"start":{"line":12,"column":48},"end":{"line":12,"column":49}},"loc":{"start":{"line":12,"column":58},"end":{"line":26,"column":1}},"line":12},"1":{"name":"(anonymous_1)","decl":{"start":{"line":15,"column":8},"end":{"line":15,"column":9}},"loc":{"start":{"line":15,"column":14},"end":{"line":20,"column":3}},"line":15},"2":{"name":"(anonymous_2)","decl":{"start":{"line":22,"column":12},"end":{"line":22,"column":13}},"loc":{"start":{"line":22,"column":22},"end":{"line":25,"column":3}},"line":22}},"branchMap":{"0":{"loc":{"start":{"line":18,"column":6},"end":{"line":18,"column":65}},"type":"cond-expr","locations":[{"start":{"line":18,"column":48},"end":{"line":18,"column":54}},{"start":{"line":18,"column":57},"end":{"line":18,"column":65}}],"line":18},"1":{"loc":{"start":{"line":18,"column":6},"end":{"line":18,"column":45}},"type":"binary-expr","locations":[{"start":{"line":18,"column":6},"end":{"line":18,"column":24}},{"start":{"line":18,"column":28},"end":{"line":18,"column":45}}],"line":18}},"s":{"0":0,"1":0,"2":0,"3":0,"4":0,"5":0,"6":0},"f":{"0":0,"1":0,"2":0},"b":{"0":[0,0],"1":[0,0]}}
,"/home/fwille/marlin/src/types/index.ts": {"path":"/home/fwille/marlin/src/types/index.ts","statementMap":{"0":{"start":{"line":69,"column":16},"end":{"line":69,"column":36}},"1":{"start":{"line":70,"column":2},"end":{"line":70,"column":31}},"2":{"start":{"line":70,"column":14},"end":{"line":70,"column":31}},"3":{"start":{"line":71,"column":2},"end":{"line":71,"column":68}}},"fnMap":{"0":{"name":"getTaxonPhotoUrl","decl":{"start":{"line":68,"column":16},"end":{"line":68,"column":32}},"loc":{"start":{"line":68,"column":72},"end":{"line":72,"column":1}},"line":68}},"branchMap":{"0":{"loc":{"start":{"line":70,"column":2},"end":{"line":70,"column":31}},"type":"if","locations":[{"start":{"line":70,"column":2},"end":{"line":70,"column":31}},{"start":{},"end":{}}],"line":70},"1":{"loc":{"start":{"line":71,"column":9},"end":{"line":71,"column":67}},"type":"binary-expr","locations":[{"start":{"line":71,"column":9},"end":{"line":71,"column":25}},{"start":{"line":71,"column":29},"end":{"line":71,"column":67}}],"line":71}},"s":{"0":6,"1":6,"2":2,"3":4},"f":{"0":6},"b":{"0":[2,4],"1":[4,2]},"_coverageSchema":"1a1c01bbd47fc00a2c39e90264f33305004495a9","hash":"64b9aa308ad88d3efc0e35ea07c7d4081ddae984"}
}
