TN:
SF:src/api/inaturalist.ts
FN:33,apiFetch
FN:44,getNearbySpecies
FN:50,(anonymous_2)
FN:60,(anonymous_3)
FN:61,(anonymous_4)
FN:75,(anonymous_5)
FN:82,searchTaxa
FN:84,(anonymous_7)
FN:93,(anonymous_8)
FN:94,(anonymous_9)
FN:106,(anonymous_10)
FN:114,searchTaxaInAncestor
FN:129,getTaxon
FN:141,getWikipediaSummary
FN:170,getMonthlyHistogram
FN:196,getRecentObservations
FN:223,getIucnStatus
FN:235,(anonymous_17)
FNF:18
FNH:13
FNDA:54,apiFetch
FNDA:3,getNearbySpecies
FNDA:27,(anonymous_2)
FNDA:26,(anonymous_3)
FNDA:1,(anonymous_4)
FNDA:4,(anonymous_5)
FNDA:3,searchTaxa
FNDA:27,(anonymous_7)
FNDA:27,(anonymous_8)
FNDA:0,(anonymous_9)
FNDA:43,(anonymous_10)
FNDA:0,searchTaxaInAncestor
FNDA:0,getTaxon
FNDA:4,getWikipediaSummary
FNDA:0,getMonthlyHistogram
FNDA:0,getRecentObservations
FNDA:6,getIucnStatus
FNDA:4,(anonymous_17)
DA:3,2
DA:7,2
DA:8,2
DA:10,2
DA:21,2
DA:34,54
DA:35,53
DA:36,53
DA:49,3
DA:51,27
DA:59,27
DA:60,26
DA:61,1
DA:65,3
DA:66,3
DA:67,27
DA:68,13
DA:69,13
DA:70,6
DA:75,4
DA:83,3
DA:85,27
DA:92,27
DA:93,27
DA:94,0
DA:98,3
DA:99,3
DA:100,27
DA:101,45
DA:105,3
DA:106,43
DA:115,0
DA:121,0
DA:122,0
DA:123,0
DA:130,0
DA:131,0
DA:132,0
DA:133,0
DA:142,4
DA:143,4
DA:145,3
DA:146,3
DA:147,3
DA:156,3
DA:157,3
DA:158,3
DA:159,3
DA:160,3
DA:161,3
DA:162,3
DA:163,2
DA:176,0
DA:181,0
DA:182,0
DA:183,0
DA:184,0
DA:186,0
DA:190,0
DA:202,0
DA:208,0
DA:209,0
DA:210,0
DA:211,0
DA:214,0
DA:215,0
DA:224,6
DA:225,4
DA:226,4
DA:227,4
DA:228,4
DA:229,4
DA:233,4
DA:234,4
DA:235,4
DA:236,4
DA:238,4
DA:239,4
DA:240,4
LF:79
LH:56
BRDA:7,0,0,2
BRDA:7,0,1,1
BRDA:35,1,0,0
BRDA:35,1,1,53
BRDA:47,2,0,3
BRDA:69,3,0,6
BRDA:69,3,1,7
BRDA:69,4,0,13
BRDA:69,4,1,8
BRDA:101,5,0,44
BRDA:101,5,1,1
BRDA:106,6,0,43
BRDA:106,6,1,0
BRDA:106,7,0,43
BRDA:106,7,1,0
BRDA:121,8,0,0
BRDA:121,8,1,0
BRDA:132,9,0,0
BRDA:132,9,1,0
BRDA:143,10,0,1
BRDA:143,10,1,3
BRDA:146,11,0,0
BRDA:146,11,1,3
BRDA:157,12,0,0
BRDA:157,12,1,3
BRDA:160,13,0,0
BRDA:160,13,1,3
BRDA:162,14,0,1
BRDA:162,14,1,2
BRDA:174,15,0,0
BRDA:181,16,0,0
BRDA:181,16,1,0
BRDA:181,17,0,0
BRDA:181,17,1,0
BRDA:190,18,0,0
BRDA:190,18,1,0
BRDA:200,19,0,0
BRDA:208,20,0,0
BRDA:208,20,1,0
BRDA:208,21,0,0
BRDA:208,21,1,0
BRDA:224,22,0,2
BRDA:224,22,1,4
BRDA:226,23,0,0
BRDA:226,23,1,4
BRDA:233,24,0,0
BRDA:233,24,1,4
BRDA:236,25,0,0
BRDA:236,25,1,4
BRDA:239,26,0,3
BRDA:239,26,1,1
BRDA:239,27,0,1
BRDA:239,27,1,2
BRDA:244,28,0,4
BRDA:244,28,1,4
BRDA:244,29,0,0
BRDA:244,29,1,4
BRF:57
BRH:31
end_of_record
TN:
SF:src/store/lifelist.ts
FN:23,(anonymous_0)
FN:26,(anonymous_1)
FN:30,(anonymous_2)
FN:32,(anonymous_3)
FN:35,(anonymous_4)
FN:37,(anonymous_5)
FN:38,(anonymous_6)
FN:51,(anonymous_7)
FN:53,(anonymous_8)
FN:53,(anonymous_9)
FN:56,(anonymous_10)
FN:56,(anonymous_11)
FNF:12
FNH:11
FNDA:1,(anonymous_0)
FNDA:0,(anonymous_1)
FNDA:3,(anonymous_2)
FNDA:3,(anonymous_3)
FNDA:4,(anonymous_4)
FNDA:4,(anonymous_5)
FNDA:7,(anonymous_6)
FNDA:2,(anonymous_7)
FNDA:2,(anonymous_8)
FNDA:3,(anonymous_9)
FNDA:3,(anonymous_10)
FNDA:2,(anonymous_11)
DA:23,1
DA:27,0
DA:31,3
DA:32,3
DA:36,4
DA:37,4
DA:39,7
DA:40,4
DA:41,4
DA:42,4
DA:43,4
DA:44,4
DA:45,4
DA:46,4
DA:52,2
DA:53,3
DA:56,3
LF:17
LH:16
BRDA:39,0,0,3
BRDA:39,0,1,4
BRDA:41,1,0,1
BRDA:41,1,1,3
BRDA:41,2,0,1
BRDA:41,2,1,1
BRDA:42,3,0,1
BRDA:42,3,1,3
BRDA:42,4,0,1
BRDA:42,4,1,1
BRDA:43,5,0,1
BRDA:43,5,1,3
BRDA:43,6,0,1
BRDA:43,6,1,1
BRDA:44,7,0,3
BRDA:44,7,1,1
BRDA:44,8,0,3
BRDA:44,8,1,1
BRDA:45,9,0,1
BRDA:45,9,1,3
BRF:20
BRH:20
end_of_record
TN:
SF:src/store/manualLocation.ts
FN:22,(anonymous_0)
FN:26,(anonymous_1)
FN:34,(anonymous_2)
FN:40,(anonymous_3)
FNF:4
FNH:0
FNDA:0,(anonymous_0)
FNDA:0,(anonymous_1)
FNDA:0,(anonymous_2)
FNDA:0,(anonymous_3)
DA:10,0
DA:11,0
DA:22,0
DA:27,0
DA:28,0
DA:29,0
DA:30,0
DA:35,0
DA:36,0
DA:37,0
DA:41,0
DA:42,0
LF:12
LH:0
BRDA:29,0,0,0
BRDA:29,0,1,0
BRDA:35,1,0,0
BRDA:35,1,1,0
BRDA:36,2,0,0
BRDA:36,2,1,0
BRF:6
BRH:0
end_of_record
TN:
SF:src/store/theme.ts
FN:12,(anonymous_0)
FN:15,(anonymous_1)
FN:22,(anonymous_2)
FNF:3
FNH:0
FNDA:0,(anonymous_0)
FNDA:0,(anonymous_1)
FNDA:0,(anonymous_2)
DA:12,0
DA:16,0
DA:18,0
DA:19,0
DA:23,0
DA:24,0
LF:6
LH:0
BRDA:18,0,0,0
BRDA:18,0,1,0
BRDA:18,1,0,0
BRDA:18,1,1,0
BRF:4
BRH:0
end_of_record
TN:
SF:src/types/index.ts
FN:68,getTaxonPhotoUrl
FNF:1
FNH:1
FNDA:6,getTaxonPhotoUrl
DA:69,6
DA:70,6
DA:71,4
LF:3
LH:3
BRDA:70,0,0,2
BRDA:70,0,1,4
BRDA:71,1,0,4
BRDA:71,1,1,2
BRF:4
BRH:4
end_of_record
